<?xml version="1.0" encoding="UTF-8"?>
<testsuite name="com.kodilla.KodillaCourseApplicationTests" tests="1" skipped="0" failures="0" errors="0" timestamp="2020-09-13T21:10:27" hostname="LAPTOP-NK52N909" time="0.242">
  <properties/>
  <testcase name="contextLoads()" classname="com.kodilla.KodillaCourseApplicationTests" time="0.242"/>
  <system-out><![CDATA[23:10:25.532 [Test worker] DEBUG org.springframework.test.context.BootstrapUtils - Instantiating CacheAwareContextLoaderDelegate from class [org.springframework.test.context.cache.DefaultCacheAwareContextLoaderDelegate]
23:10:25.545 [Test worker] DEBUG org.springframework.test.context.BootstrapUtils - Instantiating BootstrapContext using constructor [public org.springframework.test.context.support.DefaultBootstrapContext(java.lang.Class,org.springframework.test.context.CacheAwareContextLoaderDelegate)]
23:10:25.574 [Test worker] DEBUG org.springframework.test.context.BootstrapUtils - Instantiating TestContextBootstrapper for test class [com.kodilla.KodillaCourseApplicationTests] from class [org.springframework.boot.test.context.SpringBootTestContextBootstrapper]
23:10:25.588 [Test worker] INFO org.springframework.boot.test.context.SpringBootTestContextBootstrapper - Neither @ContextConfiguration nor @ContextHierarchy found for test class [com.kodilla.KodillaCourseApplicationTests], using SpringBootContextLoader
23:10:25.592 [Test worker] DEBUG org.springframework.test.context.support.AbstractContextLoader - Did not detect default resource location for test class [com.kodilla.KodillaCourseApplicationTests]: class path resource [com/kodilla/KodillaCourseApplicationTests-context.xml] does not exist
23:10:25.593 [Test worker] DEBUG org.springframework.test.context.support.AbstractContextLoader - Did not detect default resource location for test class [com.kodilla.KodillaCourseApplicationTests]: class path resource [com/kodilla/KodillaCourseApplicationTestsContext.groovy] does not exist
23:10:25.593 [Test worker] INFO org.springframework.test.context.support.AbstractContextLoader - Could not detect default resource locations for test class [com.kodilla.KodillaCourseApplicationTests]: no resource found for suffixes {-context.xml, Context.groovy}.
23:10:25.594 [Test worker] INFO org.springframework.test.context.support.AnnotationConfigContextLoaderUtils - Could not detect default configuration classes for test class [com.kodilla.KodillaCourseApplicationTests]: KodillaCourseApplicationTests does not declare any static, non-private, non-final, nested classes annotated with @Configuration.
23:10:25.631 [Test worker] DEBUG org.springframework.test.context.support.ActiveProfilesUtils - Could not find an 'annotation declaring class' for annotation type [org.springframework.test.context.ActiveProfiles] and class [com.kodilla.KodillaCourseApplicationTests]
23:10:25.695 [Test worker] DEBUG org.springframework.context.annotation.ClassPathScanningCandidateComponentProvider - Identified candidate component class: file [C:\Users\Lenovo\IntelliJDEAProjects\kodilla-course\build\classes\java\main\com\kodilla\KodillaCourseApplication.class]
23:10:25.696 [Test worker] INFO org.springframework.boot.test.context.SpringBootTestContextBootstrapper - Found @SpringBootConfiguration com.kodilla.KodillaCourseApplication for test class com.kodilla.KodillaCourseApplicationTests
23:10:25.786 [Test worker] DEBUG org.springframework.boot.test.context.SpringBootTestContextBootstrapper - @TestExecutionListeners is not present for class [com.kodilla.KodillaCourseApplicationTests]: using defaults.
23:10:25.787 [Test worker] INFO org.springframework.boot.test.context.SpringBootTestContextBootstrapper - Loaded default TestExecutionListener class names from location [META-INF/spring.factories]: [org.springframework.boot.test.autoconfigure.restdocs.RestDocsTestExecutionListener, org.springframework.boot.test.autoconfigure.web.client.MockRestServiceServerResetTestExecutionListener, org.springframework.boot.test.autoconfigure.web.servlet.MockMvcPrintOnlyOnFailureTestExecutionListener, org.springframework.boot.test.autoconfigure.web.servlet.WebDriverTestExecutionListener, org.springframework.boot.test.autoconfigure.webservices.client.MockWebServiceServerTestExecutionListener, org.springframework.boot.test.mock.mockito.MockitoTestExecutionListener, org.springframework.boot.test.mock.mockito.ResetMocksTestExecutionListener, org.springframework.test.context.web.ServletTestExecutionListener, org.springframework.test.context.support.DirtiesContextBeforeModesTestExecutionListener, org.springframework.test.context.support.DependencyInjectionTestExecutionListener, org.springframework.test.context.support.DirtiesContextTestExecutionListener, org.springframework.test.context.transaction.TransactionalTestExecutionListener, org.springframework.test.context.jdbc.SqlScriptsTestExecutionListener, org.springframework.test.context.event.EventPublishingTestExecutionListener]
23:10:25.796 [Test worker] DEBUG org.springframework.boot.test.context.SpringBootTestContextBootstrapper - Skipping candidate TestExecutionListener [org.springframework.test.context.transaction.TransactionalTestExecutionListener] due to a missing dependency. Specify custom listener classes or make the default listener classes and their required dependencies available. Offending class: [org/springframework/transaction/interceptor/TransactionAttributeSource]
23:10:25.797 [Test worker] DEBUG org.springframework.boot.test.context.SpringBootTestContextBootstrapper - Skipping candidate TestExecutionListener [org.springframework.test.context.jdbc.SqlScriptsTestExecutionListener] due to a missing dependency. Specify custom listener classes or make the default listener classes and their required dependencies available. Offending class: [org/springframework/transaction/interceptor/TransactionAttribute]
23:10:25.797 [Test worker] INFO org.springframework.boot.test.context.SpringBootTestContextBootstrapper - Using TestExecutionListeners: [org.springframework.test.context.web.ServletTestExecutionListener@63083d1a, org.springframework.test.context.support.DirtiesContextBeforeModesTestExecutionListener@31a2efac, org.springframework.boot.test.mock.mockito.MockitoTestExecutionListener@351e7820, org.springframework.boot.test.autoconfigure.SpringBootDependencyInjectionTestExecutionListener@48b1f0a7, org.springframework.test.context.support.DirtiesContextTestExecutionListener@6af3e446, org.springframework.test.context.event.EventPublishingTestExecutionListener@4c8ab93b, org.springframework.boot.test.autoconfigure.restdocs.RestDocsTestExecutionListener@a1307f2, org.springframework.boot.test.autoconfigure.web.client.MockRestServiceServerResetTestExecutionListener@4d60eadf, org.springframework.boot.test.autoconfigure.web.servlet.MockMvcPrintOnlyOnFailureTestExecutionListener@3844f6e1, org.springframework.boot.test.autoconfigure.web.servlet.WebDriverTestExecutionListener@219ed3b3, org.springframework.boot.test.autoconfigure.webservices.client.MockWebServiceServerTestExecutionListener@33a07ce5, org.springframework.boot.test.mock.mockito.ResetMocksTestExecutionListener@795c4e5c]
23:10:25.800 [Test worker] DEBUG org.springframework.test.context.support.AbstractDirtiesContextTestExecutionListener - Before test class: context [DefaultTestContext@49cc9385 testClass = KodillaCourseApplicationTests, testInstance = [null], testMethod = [null], testException = [null], mergedContextConfiguration = [WebMergedContextConfiguration@7b7e87e4 testClass = KodillaCourseApplicationTests, locations = '{}', classes = '{class com.kodilla.KodillaCourseApplication}', contextInitializerClasses = '[]', activeProfiles = '{}', propertySourceLocations = '{}', propertySourceProperties = '{org.springframework.boot.test.context.SpringBootTestContextBootstrapper=true}', contextCustomizers = set[org.springframework.boot.test.autoconfigure.properties.PropertyMappingContextCustomizer@0, org.springframework.boot.test.autoconfigure.web.servlet.WebDriverContextCustomizerFactory$Customizer@277eb906, org.springframework.boot.test.context.filter.ExcludeFilterContextCustomizer@5aac1e6a, org.springframework.boot.test.json.DuplicateJsonObjectContextCustomizerFactory$DuplicateJsonObjectContextCustomizer@230b6b62, org.springframework.boot.test.mock.mockito.MockitoContextCustomizer@0, org.springframework.boot.test.web.client.TestRestTemplateContextCustomizer@3c1246d1, org.springframework.boot.test.context.SpringBootTestArgs@1], resourceBasePath = 'src/main/webapp', contextLoader = 'org.springframework.boot.test.context.SpringBootContextLoader', parent = [null]], attributes = map['org.springframework.test.context.web.ServletTestExecutionListener.activateListener' -> true]], class annotated with @DirtiesContext [false] with mode [null].
23:10:25.822 [Test worker] DEBUG org.springframework.test.context.support.TestPropertySourceUtils - Adding inlined properties to environment: {spring.jmx.enabled=false, org.springframework.boot.test.context.SpringBootTestContextBootstrapper=true}

  .   ____          _            __ _ _
 /\\ / ___'_ __ _ _(_)_ __  __ _ \ \ \ \
( ( )\___ | '_ | '_| | '_ \/ _` | \ \ \ \
 \\/  ___)| |_)| | | | | || (_| |  ) ) ) )
  '  |____| .__|_| |_|_| |_\__, | / / / /
 =========|_|==============|___/=/_/_/_/
 :: Spring Boot ::        (v2.3.3.RELEASE)

2020-09-13 23:10:26.036  INFO 12540 --- [    Test worker] c.kodilla.KodillaCourseApplicationTests  : Starting KodillaCourseApplicationTests on LAPTOP-NK52N909 with PID 12540 (started by Lenovo in C:\Users\Lenovo\IntelliJDEAProjects\kodilla-course)
2020-09-13 23:10:26.037  INFO 12540 --- [    Test worker] c.kodilla.KodillaCourseApplicationTests  : No active profile set, falling back to default profiles: default
2020-09-13 23:10:26.863  INFO 12540 --- [    Test worker] o.s.s.concurrent.ThreadPoolTaskExecutor  : Initializing ExecutorService 'applicationTaskExecutor'
2020-09-13 23:10:27.066  INFO 12540 --- [    Test worker] c.kodilla.KodillaCourseApplicationTests  : Started KodillaCourseApplicationTests in 1.233 seconds (JVM running for 2.295)
]]></system-out>
  <system-err><![CDATA[]]></system-err>
</testsuite>
